2026-05-27 12:39:05 - ToolRegistry - INFO - Discovered tool: Aapt -> F:\cyanrain\AI\vibecoding\blank_tool\runtime\aapt\aapt2.exe
2026-05-27 12:39:05 - ToolRegistry - INFO - Discovered tool: Adb -> F:\cyanrain\AI\vibecoding\blank_tool\runtime\adb\adb.exe
2026-05-27 12:39:05 - ToolRegistry - INFO - Discovered tool: Apksigner -> F:\cyanrain\AI\vibecoding\blank_tool\runtime\android\apksigner.jar
2026-05-27 12:39:05 - ToolRegistry - INFO - Discovered tool: ApkTool -> F:\cyanrain\AI\vibecoding\blank_tool\runtime\apktool\apktool.jar
2026-05-27 12:39:05 - ToolRegistry - INFO - Discovered tool: BundleTool -> F:\cyanrain\AI\vibecoding\blank_tool\runtime\bundletool\bundletool.jar
2026-05-27 12:39:05 - ToolRegistry - INFO - Discovered tool: Jarsigner -> F:\cyanrain\AI\vibecoding\blank_tool\runtime\jre\bin\jarsigner.exe
2026-05-27 12:39:05 - ToolRegistry - INFO - Discovered tool: Zipalign -> F:\cyanrain\AI\vibecoding\blank_tool\runtime\android\zipalign.exe
2026-05-27 12:44:11 - PluginManager - INFO - 开始加载插件...
2026-05-27 12:44:11 - PluginManager - INFO - 插件加载完成，共加载 0 个插件
2026-05-27 12:44:11 - ApiHandler - ERROR - Tool error (method=aab.sign): AAB path does not exist
2026-05-27 12:44:11 - ApiHandler - ERROR - Tool error (method=aab.sign): AAB path does not exist
2026-05-27 12:44:11 - ApiHandler - ERROR - Handler error (method=device.convert_aab_to_apks): expected str, bytes or os.PathLike object, not NoneType
2026-05-27 12:44:11 - ApiHandler - ERROR - Tool error (method=device.install_aab): Missing aab_path
2026-05-27 12:44:11 - ApiHandler - ERROR - Tool error (method=device.install_aab): Missing device_id
2026-05-27 12:44:11 - ApiHandler - ERROR - Tool error (method=aab.sign): AAB path does not exist
2026-05-27 12:44:11 - ApiHandler - ERROR - Handler error (method=device.convert_aab_to_apks): expected str, bytes or os.PathLike object, not NoneType
2026-05-27 12:44:11 - ApiHandler - ERROR - Tool error (method=device.install_aab): Missing aab_path
2026-05-27 12:44:11 - ApiHandler - ERROR - Handler error (method=adb.devices): Object of type MagicMock is not JSON serializable
2026-05-27 12:44:11 - ApiHandler - ERROR - Handler error (method=adb.devices): Object of type MagicMock is not JSON serializable
2026-05-27 12:44:11 - ApiHandler - ERROR - Tool error (method=adb.stop_logcat): Missing process_id
2026-05-27 12:44:11 - ApiHandler - ERROR - Tool error (method=adb.export_logcat): Missing device_id or file_path
2026-05-27 12:44:11 - ApiHandler - ERROR - Tool error (method=device.info): Missing device_id
2026-05-27 12:44:11 - ApiHandler - ERROR - Tool error (method=device.list_apps): Missing device_id
2026-05-27 12:44:11 - ApiHandler - ERROR - Tool error (method=device.shell): Missing device_id or command
2026-05-27 12:44:11 - ApiHandler - ERROR - Tool error (method=device.reboot): Missing device_id
2026-05-27 12:44:11 - ApiHandler - ERROR - Tool error (method=device.export_apk): Missing device_id or package_name
2026-05-27 12:44:11 - ApiHandler - ERROR - Tool error (method=apk.analyze): APK path does not exist: None
2026-05-27 12:44:11 - ApiHandler - ERROR - Tool error (method=apk.analyze): APK path does not exist: /nonexistent/path/test.apk
2026-05-27 12:44:11 - ApiHandler - ERROR - Tool error (method=apk.getInfo): APK path does not exist: None
2026-05-27 12:44:11 - ApiHandler - ERROR - Tool error (method=apk.decompile): APK file does not exist
2026-05-27 12:44:11 - ApiHandler - ERROR - Tool error (method=apk.recompile): Project path does not exist
2026-05-27 12:44:11 - ApiHandler - ERROR - Tool error (method=apk.sign): APK path does not exist
2026-05-27 12:44:12 - ApiHandler - ERROR - Tool error (method=apk.analyze): APK path does not exist: None
2026-05-27 12:44:12 - ApiHandler - ERROR - Tool error (method=apk.getInfo): APK path does not exist: None
2026-05-27 12:44:12 - ApiHandler - ERROR - Tool error (method=apk.decompile): APK file does not exist
2026-05-27 12:44:12 - ApiHandler - ERROR - Tool error (method=apk.recompile): Project path does not exist
2026-05-27 12:44:12 - ApiHandler - ERROR - Tool error (method=apk.sign): APK path does not exist
2026-05-27 12:44:12 - ApiHandler - ERROR - Tool error (method=device.install_apk): Missing apk_path
2026-05-27 12:44:12 - ApiHandler - ERROR - Tool error (method=device.install_apk): Missing device_id
2026-05-27 12:44:12 - ApiHandler - ERROR - Tool error (method=device.install_apks): Missing apks_path
2026-05-27 12:44:12 - ApiHandler - ERROR - Tool error (method=device.install_apk): Missing apk_path
2026-05-27 12:44:12 - ApiHandler - ERROR - Tool error (method=device.install_apks): Missing apks_path
2026-05-27 12:44:12 - ApiHandler - ERROR - Tool not found (method=tool.get_tools): Tool not found: nonexistent
2026-05-27 12:50:36 - PluginManager - INFO - 开始加载插件...
2026-05-27 12:50:36 - PluginManager - INFO - 插件加载完成，共加载 0 个插件
2026-05-27 12:50:36 - ApiHandler - ERROR - Tool error (method=aab.sign): AAB path does not exist
2026-05-27 12:50:36 - ApiHandler - ERROR - Tool error (method=aab.sign): AAB path does not exist
2026-05-27 12:50:36 - ApiHandler - ERROR - Handler error (method=device.convert_aab_to_apks): expected str, bytes or os.PathLike object, not NoneType
2026-05-27 12:50:36 - ApiHandler - ERROR - Tool error (method=device.install_aab): Missing aab_path
2026-05-27 12:50:36 - ApiHandler - ERROR - Tool error (method=device.install_aab): Missing device_id
2026-05-27 12:50:36 - ApiHandler - ERROR - Tool error (method=aab.sign): AAB path does not exist
2026-05-27 12:50:36 - ApiHandler - ERROR - Handler error (method=device.convert_aab_to_apks): expected str, bytes or os.PathLike object, not NoneType
2026-05-27 12:50:36 - ApiHandler - ERROR - Tool error (method=device.install_aab): Missing aab_path
2026-05-27 12:50:36 - ApiHandler - ERROR - Handler error (method=adb.devices): Object of type MagicMock is not JSON serializable
2026-05-27 12:50:36 - ApiHandler - ERROR - Handler error (method=adb.devices): Object of type MagicMock is not JSON serializable
2026-05-27 12:50:36 - ApiHandler - ERROR - Tool error (method=adb.stop_logcat): Missing process_id
2026-05-27 12:50:36 - ApiHandler - ERROR - Tool error (method=adb.export_logcat): Missing device_id or file_path
2026-05-27 12:50:36 - ApiHandler - ERROR - Tool error (method=device.info): Missing device_id
2026-05-27 12:50:36 - ApiHandler - ERROR - Tool error (method=device.list_apps): Missing device_id
2026-05-27 12:50:36 - ApiHandler - ERROR - Tool error (method=device.shell): Missing device_id or command
2026-05-27 12:50:36 - ApiHandler - ERROR - Tool error (method=device.reboot): Missing device_id
2026-05-27 12:50:36 - ApiHandler - ERROR - Tool error (method=device.export_apk): Missing device_id or package_name
2026-05-27 12:50:36 - ApiHandler - ERROR - Tool error (method=apk.analyze): APK path does not exist: None
2026-05-27 12:50:36 - ApiHandler - ERROR - Tool error (method=apk.analyze): APK path does not exist: /nonexistent/path/test.apk
2026-05-27 12:50:36 - ApiHandler - ERROR - Tool error (method=apk.getInfo): APK path does not exist: None
2026-05-27 12:50:36 - ApiHandler - ERROR - Tool error (method=apk.decompile): APK file does not exist
2026-05-27 12:50:36 - ApiHandler - ERROR - Tool error (method=apk.recompile): Project path does not exist
2026-05-27 12:50:36 - ApiHandler - ERROR - Tool error (method=apk.sign): APK path does not exist
2026-05-27 12:50:36 - ApiHandler - ERROR - Tool error (method=apk.analyze): APK path does not exist: None
2026-05-27 12:50:36 - ApiHandler - ERROR - Tool error (method=apk.getInfo): APK path does not exist: None
2026-05-27 12:50:36 - ApiHandler - ERROR - Tool error (method=apk.decompile): APK file does not exist
2026-05-27 12:50:36 - ApiHandler - ERROR - Tool error (method=apk.recompile): Project path does not exist
2026-05-27 12:50:36 - ApiHandler - ERROR - Tool error (method=apk.sign): APK path does not exist
2026-05-27 12:50:36 - ApiHandler - ERROR - Tool error (method=device.install_apk): Missing apk_path
2026-05-27 12:50:36 - ApiHandler - ERROR - Tool error (method=device.install_apk): Missing device_id
2026-05-27 12:50:36 - ApiHandler - ERROR - Tool error (method=device.install_apks): Missing apks_path
2026-05-27 12:50:36 - ApiHandler - ERROR - Tool error (method=device.install_apk): Missing apk_path
2026-05-27 12:50:36 - ApiHandler - ERROR - Tool error (method=device.install_apks): Missing apks_path
2026-05-27 12:50:36 - ApiHandler - ERROR - Tool not found (method=tool.get_tools): Tool not found: nonexistent
